<?xml version="1.0" encoding="UTF-8"?>
<!-- Generated by org.testng.reporters.JUnitReportReporter -->
<testsuite hostname="DESKTOP-KG2F7GI" failures="0" tests="1" name="testCase.login_tc" time="2.237" errors="0" timestamp="2022-10-02T13:17:10 IST" skipped="0">
  <testcase classname="testCase.login_tc" name="testcase1" time="2.237"/>
  <system-out>
    <![CDATA[========Logged in to the application successfully=========]]>
  </system-out>
</testsuite> <!-- testCase.login_tc -->
