<?xml version="1.0" encoding="UTF-8"?>
<!-- Generated by org.testng.reporters.JUnitReportReporter -->
<testsuite hostname="DESKTOP-KG2F7GI" failures="0" tests="1" name="testCase.login" time="5.677" errors="0" timestamp="2022-10-01T12:01:42 IST" skipped="0">
  <testcase classname="testCase.login" name="testcase1" time="5.677"/>
  <system-out>
    <![CDATA[Alert is not presentorg.openqa.selenium.NoAlertPresentException: no alert open
  (Session info: chrome=105.0.5195.127)
  (Driver info: chromedriver=2.35.528161 (5b82f2d2aae0ca24b877009200ced9065a772e73),platform=Windows NT 10.0.19044 x86_64) (WARNING: The server did not provide any stacktrace information)
Command duration or timeout: 0 milliseconds
Build info: version: '4.4.0', revision: 'e5c75ed026a'
System info: host: 'DESKTOP-KG2F7GI', ip: '192.168.1.5', os.name: 'Windows 10', os.arch: 'amd64', os.version: '10.0', java.version: '17.0.2'
Driver info: org.openqa.selenium.chrome.ChromeDriver
Command: [4a3ae528badf4c34b7bde63c15dc0327, getAlertText {}]
Capabilities {acceptInsecureCerts: false, acceptSslCerts: false, applicationCacheEnabled: false, browserConnectionEnabled: false, browserName: chrome, chrome: {chromedriverVersion: 2.35.528161 (5b82f2d2aae0ca..., userDataDir: C:\Users\Sak\AppData\Local\...}, cssSelectorsEnabled: true, databaseEnabled: false, handlesAlerts: true, hasTouchScreen: false, javascriptEnabled: true, locationContextEnabled: true, mobileEmulationEnabled: false, nativeEvents: true, networkConnectionEnabled: false, pageLoadStrategy: normal, platform: Windows NT, platformName: ANY, rotatable: false, setWindowRect: true, takesHeapSnapshot: true, takesScreenshot: true, unexpectedAlertBehaviour: , unhandledPromptBehavior: , version: 105.0.5195.127, webStorageEnabled: true}
Session ID: 4a3ae528badf4c34b7bde63c15dc0327
========Logged in to the application successfully=========]]>
  </system-out>
</testsuite> <!-- testCase.login -->
