<?xml version="1.0" encoding="UTF-8"?>
<!-- Generated by org.testng.reporters.JUnitReportReporter -->
<testsuite hostname="DESKTOP-KG2F7GI" failures="0" tests="1" name="testCase.transfer_tc" time="3.338" errors="0" timestamp="2022-10-02T13:17:10 IST" skipped="0">
  <testcase classname="testCase.transfer_tc" name="testcase3" time="3.338"/>
  <system-out>
    <![CDATA[========Transfer completed successfully=========]]>
  </system-out>
</testsuite> <!-- testCase.transfer_tc -->
