<?xml version="1.0" encoding="UTF-8"?>
<!-- Generated by org.testng.reporters.JUnitReportReporter -->
<testsuite hostname="DESKTOP-KG2F7GI" failures="0" tests="1" name="testCase.home_tc" time="8.536" errors="0" timestamp="2022-10-02T13:17:10 IST" skipped="0">
  <testcase classname="testCase.home_tc" name="testcase2" time="8.536"/>
  <system-out>
    <![CDATA[========User navigated to tansfer page successfully=========]]>
  </system-out>
</testsuite> <!-- testCase.home_tc -->
